build/app/intermediates/manifest_merge_blame_file/release/manifest-merger-blame-release-report.txt
1<?xml version="1.0" encoding="utf-8"?>
2<manifest xmlns:android="http://schemas.android.com/apk/res/android"
3    package="parking.assistant.parking_assistant"
4    android:versionCode="1"
5    android:versionName="1.0.0" >
6
7    <uses-sdk
8        android:minSdkVersion="21"
8-->src/main/AndroidManifest.xml
9        android:targetSdkVersion="33" />
9-->src/main/AndroidManifest.xml
10
11    <uses-permission android:name="android.permission.INTERNET" />
11-->src/main/AndroidManifest.xml:3:5-67
11-->src/main/AndroidManifest.xml:3:22-64
12    <uses-permission android:name="android.permission.FOREGROUND_SERVICE" />
12-->src/main/AndroidManifest.xml:4:5-77
12-->src/main/AndroidManifest.xml:4:22-74
13    <uses-permission android:name="android.permission.ACCESS_BACKGROUND_LOCATION" />
13-->src/main/AndroidManifest.xml:5:5-84
13-->src/main/AndroidManifest.xml:5:22-82
14    <uses-permission android:name="android.permission.FOREGROUND_SERVICE" />
14-->src/main/AndroidManifest.xml:4:5-77
14-->src/main/AndroidManifest.xml:4:22-74
15    <uses-permission android:name="android.permission.ACCESS_FINE_LOCATION" />
15-->src/main/AndroidManifest.xml:7:5-79
15-->src/main/AndroidManifest.xml:7:22-76
16    <uses-permission android:name="android.permission.ACCESS_COARSE_LOCATION" />
16-->src/main/AndroidManifest.xml:8:5-81
16-->src/main/AndroidManifest.xml:8:22-78
17    <uses-permission android:name="android.permission.WAKE_LOCK" />
17-->src/main/AndroidManifest.xml:9:5-68
17-->src/main/AndroidManifest.xml:9:22-65
18    <uses-permission android:name="android.permission.ACTIVITY_RECOGNITION" />
18-->src/main/AndroidManifest.xml:10:5-79
18-->src/main/AndroidManifest.xml:10:22-76
19    <uses-permission android:name="com.google.android.gms.permission.ACTIVITY_RECOGNITION" />
19-->src/main/AndroidManifest.xml:11:5-94
19-->src/main/AndroidManifest.xml:11:22-91
20    <uses-permission android:name="android.permission.ACCESS_NETWORK_STATE" />
20-->[com.google.firebase:firebase-auth:21.3.0] AndroidManifest.xml:26:5-79
20-->[com.google.firebase:firebase-auth:21.3.0] AndroidManifest.xml:26:22-76
21    <uses-permission android:name="com.google.android.gms.permission.AD_ID" />
21-->[com.google.android.gms:play-services-measurement-api:21.2.2] AndroidManifest.xml:25:5-79
21-->[com.google.android.gms:play-services-measurement-api:21.2.2] AndroidManifest.xml:25:22-76
22
23    <uses-feature
23-->[com.google.android.gms:play-services-maps:18.1.0] AndroidManifest.xml:26:5-28:35
24        android:glEsVersion="0x00020000"
24-->[com.google.android.gms:play-services-maps:18.1.0] AndroidManifest.xml:27:9-41
25        android:required="true" />
25-->[com.google.android.gms:play-services-maps:18.1.0] AndroidManifest.xml:28:9-32
26
27    <queries>
27-->[com.google.android.gms:play-services-maps:18.1.0] AndroidManifest.xml:30:5-34:15
28
29        <!-- Needs to be explicitly declared on Android R+ -->
30        <package android:name="com.google.android.apps.maps" />
30-->[com.google.android.gms:play-services-maps:18.1.0] AndroidManifest.xml:33:9-64
30-->[com.google.android.gms:play-services-maps:18.1.0] AndroidManifest.xml:33:18-61
31    </queries>
32
33    <uses-permission android:name="com.google.android.finsky.permission.BIND_GET_INSTALL_REFERRER_SERVICE" />
33-->[com.google.android.gms:play-services-measurement:21.2.2] AndroidManifest.xml:26:5-110
33-->[com.google.android.gms:play-services-measurement:21.2.2] AndroidManifest.xml:26:22-107
34
35    <application
36        android:name="android.app.Application"
36-->src/main/AndroidManifest.xml:15:9-42
37        android:appComponentFactory="androidx.core.app.CoreComponentFactory"
37-->[androidx.core:core:1.6.0] AndroidManifest.xml:24:18-86
38        android:icon="@mipmap/ic_launcher"
38-->src/main/AndroidManifest.xml:17:9-43
39        android:label="parking_assistant"
39-->src/main/AndroidManifest.xml:14:9-42
40        android:usesCleartextTraffic="true" >
40-->src/main/AndroidManifest.xml:16:9-44
41        <meta-data
41-->src/main/AndroidManifest.xml:19:9-21:69
42            android:name="com.google.android.gms.version"
42-->src/main/AndroidManifest.xml:20:13-58
43            android:value="@integer/google_play_services_version" />
43-->src/main/AndroidManifest.xml:21:13-66
44        <meta-data
44-->src/main/AndroidManifest.xml:22:9-24:71
45            android:name="com.google.android.maps.v2.API_KEY"
45-->src/main/AndroidManifest.xml:23:13-62
46            android:value="AIzaSyCxzZvKT560MJWr4AGMdtExenoqrc2CCrY" />
46-->src/main/AndroidManifest.xml:24:13-68
47
48        <activity
48-->src/main/AndroidManifest.xml:27:9-47:20
49            android:name="parking.assistant.parking_assistant.MainActivity"
49-->src/main/AndroidManifest.xml:28:13-41
50            android:configChanges="orientation|keyboardHidden|keyboard|screenSize|smallestScreenSize|locale|layoutDirection|fontScale|screenLayout|density|uiMode"
50-->src/main/AndroidManifest.xml:32:13-163
51            android:exported="true"
51-->src/main/AndroidManifest.xml:29:13-36
52            android:hardwareAccelerated="true"
52-->src/main/AndroidManifest.xml:33:13-47
53            android:launchMode="singleTop"
53-->src/main/AndroidManifest.xml:30:13-43
54            android:theme="@style/LaunchTheme"
54-->src/main/AndroidManifest.xml:31:13-47
55            android:windowSoftInputMode="adjustResize" >
55-->src/main/AndroidManifest.xml:34:13-55
56
57            <!--
58                 Specifies an Android theme to apply to this Activity as soon as
59                 the Android process has started. This theme is visible to the user
60                 while the Flutter UI initializes. After that, this theme continues
61                 to determine the Window background behind the Flutter UI.
62            -->
63            <meta-data
63-->src/main/AndroidManifest.xml:39:13-42:17
64                android:name="io.flutter.embedding.android.NormalTheme"
64-->src/main/AndroidManifest.xml:40:15-70
65                android:resource="@style/NormalTheme" />
65-->src/main/AndroidManifest.xml:41:15-52
66
67            <intent-filter>
67-->src/main/AndroidManifest.xml:43:13-46:29
68                <action android:name="android.intent.action.MAIN" />
68-->src/main/AndroidManifest.xml:44:17-68
68-->src/main/AndroidManifest.xml:44:25-66
69
70                <category android:name="android.intent.category.LAUNCHER" />
70-->src/main/AndroidManifest.xml:45:17-76
70-->src/main/AndroidManifest.xml:45:27-74
71            </intent-filter>
72        </activity>
73
74        <service
74-->src/main/AndroidManifest.xml:50:9-53:43
75            android:name="com.pravera.flutter_foreground_task.service.ForegroundService"
75-->src/main/AndroidManifest.xml:51:13-89
76            android:foregroundServiceType="location"
76-->src/main/AndroidManifest.xml:52:13-53
77            android:stopWithTask="true" />
77-->src/main/AndroidManifest.xml:53:13-40
78
79        <!--
80             Don't delete the meta-data below.
81             This is used by the Flutter tool to generate GeneratedPluginRegistrant.java
82        -->
83        <meta-data
83-->src/main/AndroidManifest.xml:57:9-59:33
84            android:name="flutterEmbedding"
84-->src/main/AndroidManifest.xml:58:13-44
85            android:value="2" />
85-->src/main/AndroidManifest.xml:59:13-30
86
87        <service
87-->[:firebase_database] AndroidManifest.xml:10:9-14:19
88            android:name="com.google.firebase.components.ComponentDiscoveryService"
88-->[:firebase_database] AndroidManifest.xml:10:18-89
89            android:directBootAware="true"
89-->[com.google.firebase:firebase-common:20.3.2] AndroidManifest.xml:34:13-43
90            android:exported="false" >
90-->[com.google.firebase:firebase-database-ktx:20.2.0] AndroidManifest.xml:13:13-37
91            <meta-data
91-->[:firebase_database] AndroidManifest.xml:11:13-13:85
92                android:name="com.google.firebase.components:io.flutter.plugins.firebase.database.FlutterFirebaseAppRegistrar"
92-->[:firebase_database] AndroidManifest.xml:12:17-127
93                android:value="com.google.firebase.components.ComponentRegistrar" />
93-->[:firebase_database] AndroidManifest.xml:13:17-82
94            <meta-data
94-->[:firebase_auth] AndroidManifest.xml:11:13-13:85
95                android:name="com.google.firebase.components:io.flutter.plugins.firebase.auth.FlutterFirebaseAuthRegistrar"
95-->[:firebase_auth] AndroidManifest.xml:12:17-124
96                android:value="com.google.firebase.components.ComponentRegistrar" />
96-->[:firebase_auth] AndroidManifest.xml:13:17-82
97            <meta-data
97-->[:firebase_core] AndroidManifest.xml:11:13-13:85
98                android:name="com.google.firebase.components:io.flutter.plugins.firebase.core.FlutterFirebaseCoreRegistrar"
98-->[:firebase_core] AndroidManifest.xml:12:17-124
99                android:value="com.google.firebase.components.ComponentRegistrar" />
99-->[:firebase_core] AndroidManifest.xml:13:17-82
100            <meta-data
100-->[com.google.firebase:firebase-database-ktx:20.2.0] AndroidManifest.xml:14:13-16:85
101                android:name="com.google.firebase.components:com.google.firebase.database.ktx.FirebaseDatabaseKtxRegistrar"
101-->[com.google.firebase:firebase-database-ktx:20.2.0] AndroidManifest.xml:15:17-124
102                android:value="com.google.firebase.components.ComponentRegistrar" />
102-->[com.google.firebase:firebase-database-ktx:20.2.0] AndroidManifest.xml:16:17-82
103            <meta-data
103-->[com.google.firebase:firebase-auth-ktx:21.3.0] AndroidManifest.xml:11:13-13:85
104                android:name="com.google.firebase.components:com.google.firebase.auth.ktx.FirebaseAuthKtxRegistrar"
104-->[com.google.firebase:firebase-auth-ktx:21.3.0] AndroidManifest.xml:12:17-116
105                android:value="com.google.firebase.components.ComponentRegistrar" />
105-->[com.google.firebase:firebase-auth-ktx:21.3.0] AndroidManifest.xml:13:17-82
106            <meta-data
106-->[com.google.firebase:firebase-common-ktx:20.3.2] AndroidManifest.xml:14:13-16:85
107                android:name="com.google.firebase.components:com.google.firebase.ktx.FirebaseCommonKtxRegistrar"
107-->[com.google.firebase:firebase-common-ktx:20.3.2] AndroidManifest.xml:15:17-113
108                android:value="com.google.firebase.components.ComponentRegistrar" />
108-->[com.google.firebase:firebase-common-ktx:20.3.2] AndroidManifest.xml:16:17-82
109            <meta-data
109-->[com.google.firebase:firebase-auth:21.3.0] AndroidManifest.xml:69:13-71:85
110                android:name="com.google.firebase.components:com.google.firebase.auth.FirebaseAuthRegistrar"
110-->[com.google.firebase:firebase-auth:21.3.0] AndroidManifest.xml:70:17-109
111                android:value="com.google.firebase.components.ComponentRegistrar" />
111-->[com.google.firebase:firebase-auth:21.3.0] AndroidManifest.xml:71:17-82
112            <meta-data
112-->[com.google.firebase:firebase-database:20.2.0] AndroidManifest.xml:31:13-33:85
113                android:name="com.google.firebase.components:com.google.firebase.database.DatabaseRegistrar"
113-->[com.google.firebase:firebase-database:20.2.0] AndroidManifest.xml:32:17-109
114                android:value="com.google.firebase.components.ComponentRegistrar" />
114-->[com.google.firebase:firebase-database:20.2.0] AndroidManifest.xml:33:17-82
115            <meta-data
115-->[com.google.android.gms:play-services-measurement-api:21.2.2] AndroidManifest.xml:31:13-33:85
116                android:name="com.google.firebase.components:com.google.firebase.analytics.connector.internal.AnalyticsConnectorRegistrar"
116-->[com.google.android.gms:play-services-measurement-api:21.2.2] AndroidManifest.xml:32:17-139
117                android:value="com.google.firebase.components.ComponentRegistrar" />
117-->[com.google.android.gms:play-services-measurement-api:21.2.2] AndroidManifest.xml:33:17-82
118            <meta-data
118-->[com.google.firebase:firebase-installations:17.1.3] AndroidManifest.xml:17:13-19:85
119                android:name="com.google.firebase.components:com.google.firebase.installations.FirebaseInstallationsRegistrar"
119-->[com.google.firebase:firebase-installations:17.1.3] AndroidManifest.xml:18:17-127
120                android:value="com.google.firebase.components.ComponentRegistrar" />
120-->[com.google.firebase:firebase-installations:17.1.3] AndroidManifest.xml:19:17-82
121        </service>
122        <service
122-->[:fl_location] AndroidManifest.xml:13:9-17:72
123            android:name="com.pravera.fl_location.service.LocationServicesStatusIntentService"
123-->[:fl_location] AndroidManifest.xml:14:13-95
124            android:enabled="true"
124-->[:fl_location] AndroidManifest.xml:15:13-35
125            android:exported="false"
125-->[:fl_location] AndroidManifest.xml:16:13-37
126            android:permission="android.permission.BIND_JOB_SERVICE" />
126-->[:fl_location] AndroidManifest.xml:17:13-69
127
128        <receiver
128-->[:flutter_foreground_task] AndroidManifest.xml:10:9-17:20
129            android:name="com.pravera.flutter_foreground_task.service.BootReceiver"
129-->[:flutter_foreground_task] AndroidManifest.xml:11:13-84
130            android:enabled="true"
130-->[:flutter_foreground_task] AndroidManifest.xml:12:13-35
131            android:exported="true" >
131-->[:flutter_foreground_task] AndroidManifest.xml:13:13-36
132            <intent-filter>
132-->[:flutter_foreground_task] AndroidManifest.xml:14:13-16:29
133                <action android:name="android.intent.action.BOOT_COMPLETED" />
133-->[:flutter_foreground_task] AndroidManifest.xml:15:17-79
133-->[:flutter_foreground_task] AndroidManifest.xml:15:25-76
134            </intent-filter>
135        </receiver>
136        <receiver
136-->[:flutter_foreground_task] AndroidManifest.xml:18:9-21:40
137            android:name="com.pravera.flutter_foreground_task.service.RestartReceiver"
137-->[:flutter_foreground_task] AndroidManifest.xml:19:13-87
138            android:enabled="true"
138-->[:flutter_foreground_task] AndroidManifest.xml:20:13-35
139            android:exported="false" />
139-->[:flutter_foreground_task] AndroidManifest.xml:21:13-37
140        <receiver
140-->[:flutter_activity_recognition] AndroidManifest.xml:11:9-15:47
141            android:name="com.pravera.flutter_activity_recognition.service.ActivityRecognitionIntentReceiver"
141-->[:flutter_activity_recognition] AndroidManifest.xml:12:13-110
142            android:enabled="true"
142-->[:flutter_activity_recognition] AndroidManifest.xml:13:13-35
143            android:exported="true" />
143-->[:flutter_activity_recognition] AndroidManifest.xml:14:13-36
144
145        <service
145-->[:flutter_activity_recognition] AndroidManifest.xml:17:9-21:72
146            android:name="com.pravera.flutter_activity_recognition.service.ActivityRecognitionIntentService"
146-->[:flutter_activity_recognition] AndroidManifest.xml:18:13-109
147            android:enabled="true"
147-->[:flutter_activity_recognition] AndroidManifest.xml:19:13-35
148            android:exported="false"
148-->[:flutter_activity_recognition] AndroidManifest.xml:20:13-37
149            android:permission="android.permission.BIND_JOB_SERVICE" />
149-->[:flutter_activity_recognition] AndroidManifest.xml:21:13-69
150
151        <activity
151-->[com.google.firebase:firebase-auth:21.3.0] AndroidManifest.xml:29:9-46:20
152            android:name="com.google.firebase.auth.internal.GenericIdpActivity"
152-->[com.google.firebase:firebase-auth:21.3.0] AndroidManifest.xml:30:13-80
153            android:excludeFromRecents="true"
153-->[com.google.firebase:firebase-auth:21.3.0] AndroidManifest.xml:31:13-46
154            android:exported="true"
154-->[com.google.firebase:firebase-auth:21.3.0] AndroidManifest.xml:32:13-36
155            android:launchMode="singleTask"
155-->[com.google.firebase:firebase-auth:21.3.0] AndroidManifest.xml:33:13-44
156            android:theme="@android:style/Theme.Translucent.NoTitleBar" >
156-->[com.google.firebase:firebase-auth:21.3.0] AndroidManifest.xml:34:13-72
157            <intent-filter>
157-->[com.google.firebase:firebase-auth:21.3.0] AndroidManifest.xml:35:13-45:29
158                <action android:name="android.intent.action.VIEW" />
158-->[com.google.firebase:firebase-auth:21.3.0] AndroidManifest.xml:36:17-69
158-->[com.google.firebase:firebase-auth:21.3.0] AndroidManifest.xml:36:25-66
159
160                <category android:name="android.intent.category.DEFAULT" />
160-->[com.google.firebase:firebase-auth:21.3.0] AndroidManifest.xml:38:17-76
160-->[com.google.firebase:firebase-auth:21.3.0] AndroidManifest.xml:38:27-73
161                <category android:name="android.intent.category.BROWSABLE" />
161-->[com.google.firebase:firebase-auth:21.3.0] AndroidManifest.xml:39:17-78
161-->[com.google.firebase:firebase-auth:21.3.0] AndroidManifest.xml:39:27-75
162
163                <data
163-->[com.google.firebase:firebase-auth:21.3.0] AndroidManifest.xml:41:17-44:51
164                    android:host="firebase.auth"
164-->[com.google.firebase:firebase-auth:21.3.0] AndroidManifest.xml:42:21-49
165                    android:path="/"
165-->[com.google.firebase:firebase-auth:21.3.0] AndroidManifest.xml:43:21-37
166                    android:scheme="genericidp" />
166-->[com.google.firebase:firebase-auth:21.3.0] AndroidManifest.xml:44:21-48
167            </intent-filter>
168        </activity>
169        <activity
169-->[com.google.firebase:firebase-auth:21.3.0] AndroidManifest.xml:47:9-64:20
170            android:name="com.google.firebase.auth.internal.RecaptchaActivity"
170-->[com.google.firebase:firebase-auth:21.3.0] AndroidManifest.xml:48:13-79
171            android:excludeFromRecents="true"
171-->[com.google.firebase:firebase-auth:21.3.0] AndroidManifest.xml:49:13-46
172            android:exported="true"
172-->[com.google.firebase:firebase-auth:21.3.0] AndroidManifest.xml:50:13-36
173            android:launchMode="singleTask"
173-->[com.google.firebase:firebase-auth:21.3.0] AndroidManifest.xml:51:13-44
174            android:theme="@android:style/Theme.Translucent.NoTitleBar" >
174-->[com.google.firebase:firebase-auth:21.3.0] AndroidManifest.xml:52:13-72
175            <intent-filter>
175-->[com.google.firebase:firebase-auth:21.3.0] AndroidManifest.xml:53:13-63:29
176                <action android:name="android.intent.action.VIEW" />
176-->[com.google.firebase:firebase-auth:21.3.0] AndroidManifest.xml:36:17-69
176-->[com.google.firebase:firebase-auth:21.3.0] AndroidManifest.xml:36:25-66
177
178                <category android:name="android.intent.category.DEFAULT" />
178-->[com.google.firebase:firebase-auth:21.3.0] AndroidManifest.xml:38:17-76
178-->[com.google.firebase:firebase-auth:21.3.0] AndroidManifest.xml:38:27-73
179                <category android:name="android.intent.category.BROWSABLE" />
179-->[com.google.firebase:firebase-auth:21.3.0] AndroidManifest.xml:39:17-78
179-->[com.google.firebase:firebase-auth:21.3.0] AndroidManifest.xml:39:27-75
180
181                <data
181-->[com.google.firebase:firebase-auth:21.3.0] AndroidManifest.xml:41:17-44:51
182                    android:host="firebase.auth"
182-->[com.google.firebase:firebase-auth:21.3.0] AndroidManifest.xml:42:21-49
183                    android:path="/"
183-->[com.google.firebase:firebase-auth:21.3.0] AndroidManifest.xml:43:21-37
184                    android:scheme="recaptcha" />
184-->[com.google.firebase:firebase-auth:21.3.0] AndroidManifest.xml:44:21-48
185            </intent-filter>
186        </activity>
187
188        <uses-library
188-->[androidx.window:window:1.0.0-beta04] AndroidManifest.xml:25:9-27:40
189            android:name="androidx.window.extensions"
189-->[androidx.window:window:1.0.0-beta04] AndroidManifest.xml:26:13-54
190            android:required="false" />
190-->[androidx.window:window:1.0.0-beta04] AndroidManifest.xml:27:13-37
191        <uses-library
191-->[androidx.window:window:1.0.0-beta04] AndroidManifest.xml:28:9-30:40
192            android:name="androidx.window.sidecar"
192-->[androidx.window:window:1.0.0-beta04] AndroidManifest.xml:29:13-51
193            android:required="false" />
193-->[androidx.window:window:1.0.0-beta04] AndroidManifest.xml:30:13-37
194
195        <provider
195-->[com.google.firebase:firebase-common:20.3.2] AndroidManifest.xml:25:9-30:39
196            android:name="com.google.firebase.provider.FirebaseInitProvider"
196-->[com.google.firebase:firebase-common:20.3.2] AndroidManifest.xml:26:13-77
197            android:authorities="parking.assistant.parking_assistant.firebaseinitprovider"
197-->[com.google.firebase:firebase-common:20.3.2] AndroidManifest.xml:27:13-72
198            android:directBootAware="true"
198-->[com.google.firebase:firebase-common:20.3.2] AndroidManifest.xml:28:13-43
199            android:exported="false"
199-->[com.google.firebase:firebase-common:20.3.2] AndroidManifest.xml:29:13-37
200            android:initOrder="100" /> <!-- Needs to be explicitly declared on P+ -->
200-->[com.google.firebase:firebase-common:20.3.2] AndroidManifest.xml:30:13-36
201        <uses-library
201-->[com.google.android.gms:play-services-maps:18.1.0] AndroidManifest.xml:39:9-41:40
202            android:name="org.apache.http.legacy"
202-->[com.google.android.gms:play-services-maps:18.1.0] AndroidManifest.xml:40:13-50
203            android:required="false" />
203-->[com.google.android.gms:play-services-maps:18.1.0] AndroidManifest.xml:41:13-37
204
205        <receiver
205-->[com.google.android.gms:play-services-measurement:21.2.2] AndroidManifest.xml:29:9-33:20
206            android:name="com.google.android.gms.measurement.AppMeasurementReceiver"
206-->[com.google.android.gms:play-services-measurement:21.2.2] AndroidManifest.xml:30:13-85
207            android:enabled="true"
207-->[com.google.android.gms:play-services-measurement:21.2.2] AndroidManifest.xml:31:13-35
208            android:exported="false" >
208-->[com.google.android.gms:play-services-measurement:21.2.2] AndroidManifest.xml:32:13-37
209        </receiver>
210
211        <service
211-->[com.google.android.gms:play-services-measurement:21.2.2] AndroidManifest.xml:35:9-38:40
212            android:name="com.google.android.gms.measurement.AppMeasurementService"
212-->[com.google.android.gms:play-services-measurement:21.2.2] AndroidManifest.xml:36:13-84
213            android:enabled="true"
213-->[com.google.android.gms:play-services-measurement:21.2.2] AndroidManifest.xml:37:13-35
214            android:exported="false" />
214-->[com.google.android.gms:play-services-measurement:21.2.2] AndroidManifest.xml:38:13-37
215        <service
215-->[com.google.android.gms:play-services-measurement:21.2.2] AndroidManifest.xml:39:9-43:72
216            android:name="com.google.android.gms.measurement.AppMeasurementJobService"
216-->[com.google.android.gms:play-services-measurement:21.2.2] AndroidManifest.xml:40:13-87
217            android:enabled="true"
217-->[com.google.android.gms:play-services-measurement:21.2.2] AndroidManifest.xml:41:13-35
218            android:exported="false"
218-->[com.google.android.gms:play-services-measurement:21.2.2] AndroidManifest.xml:42:13-37
219            android:permission="android.permission.BIND_JOB_SERVICE" />
219-->[com.google.android.gms:play-services-measurement:21.2.2] AndroidManifest.xml:43:13-69
220
221        <activity
221-->[com.google.android.gms:play-services-base:18.1.0] AndroidManifest.xml:20:9-22:45
222            android:name="com.google.android.gms.common.api.GoogleApiActivity"
222-->[com.google.android.gms:play-services-base:18.1.0] AndroidManifest.xml:20:19-85
223            android:exported="false"
223-->[com.google.android.gms:play-services-base:18.1.0] AndroidManifest.xml:22:19-43
224            android:theme="@android:style/Theme.Translucent.NoTitleBar" />
224-->[com.google.android.gms:play-services-base:18.1.0] AndroidManifest.xml:21:19-78
225    </application>
226
227</manifest>